Marker-Less(AR-Foundation)/Library/Bee/Android/Prj/Mono2x/Gradle/launcher/build/intermediates/manifest_merge_blame_file/release/manifest-merger-blame-release-report.txt
1<?xml version="1.0" encoding="utf-8"?>
2<manifest xmlns:android="http://schemas.android.com/apk/res/android"
3    package="com.MyCompany.MarkerLessARFoundation"
4    android:installLocation="preferExternal"
5    android:versionCode="1"
6    android:versionName="0.1" >
7
8    <uses-sdk
9        android:minSdkVersion="26"
9-->src\main\AndroidManifest.xml
10        android:targetSdkVersion="34" />
10-->src\main\AndroidManifest.xml
11
12    <supports-screens
12-->src\main\AndroidManifest.xml:4:3-163
13        android:anyDensity="true"
13-->src\main\AndroidManifest.xml:4:135-160
14        android:largeScreens="true"
14-->src\main\AndroidManifest.xml:4:78-105
15        android:normalScreens="true"
15-->src\main\AndroidManifest.xml:4:49-77
16        android:smallScreens="true"
16-->src\main\AndroidManifest.xml:4:21-48
17        android:xlargeScreens="true" />
17-->src\main\AndroidManifest.xml:4:106-134
18
19    <uses-permission android:name="android.permission.INTERNET" />
19-->[:unityLibrary] AndroidManifest.xml:10:5-67
19-->[:unityLibrary] AndroidManifest.xml:10:22-64
20
21    <uses-feature android:glEsVersion="0x00030000" />
21-->[:unityLibrary] AndroidManifest.xml:12:5-54
21-->[:unityLibrary] AndroidManifest.xml:12:19-51
22    <uses-feature
22-->[:unityLibrary] AndroidManifest.xml:13:5-15:36
23        android:name="android.hardware.touchscreen"
23-->[:unityLibrary] AndroidManifest.xml:14:9-52
24        android:required="false" />
24-->[:unityLibrary] AndroidManifest.xml:15:9-33
25    <uses-feature
25-->[:unityLibrary] AndroidManifest.xml:16:5-18:36
26        android:name="android.hardware.touchscreen.multitouch"
26-->[:unityLibrary] AndroidManifest.xml:17:9-63
27        android:required="false" />
27-->[:unityLibrary] AndroidManifest.xml:18:9-33
28    <uses-feature
28-->[:unityLibrary] AndroidManifest.xml:19:5-21:36
29        android:name="android.hardware.touchscreen.multitouch.distinct"
29-->[:unityLibrary] AndroidManifest.xml:20:9-72
30        android:required="false" />
30-->[:unityLibrary] AndroidManifest.xml:21:9-33
31
32    <uses-permission android:name="android.permission.CAMERA" />
32-->[:unityLibrary] AndroidManifest.xml:23:5-65
32-->[:unityLibrary] AndroidManifest.xml:23:22-62
33
34    <uses-feature
34-->[:unityLibrary] AndroidManifest.xml:25:5-27:35
35        android:name="android.hardware.camera.ar"
35-->[:unityLibrary] AndroidManifest.xml:26:9-50
36        android:required="true" />
36-->[:unityLibrary] AndroidManifest.xml:27:9-32
37    <uses-feature
37-->[:unityLibrary] AndroidManifest.xml:28:5-30:35
38        android:name="com.google.ar.core.depth"
38-->[:unityLibrary] AndroidManifest.xml:29:9-48
39        android:required="true" />
39-->[:unityLibrary] AndroidManifest.xml:30:9-32
40
41    <queries>
41-->[:arcore_client:] AndroidManifest.xml:20:5-27:15
42        <package android:name="com.google.ar.core" />
42-->[:arcore_client:] AndroidManifest.xml:21:9-54
42-->[:arcore_client:] AndroidManifest.xml:21:18-51
43        <package android:name="com.android.vending" />
43-->[:arcore_client:] AndroidManifest.xml:22:9-55
43-->[:arcore_client:] AndroidManifest.xml:22:18-52
44
45        <intent>
45-->[:arcore_client:] AndroidManifest.xml:24:9-26:18
46            <action android:name="com.google.android.play.core.install.BIND_INSTALL_SERVICE" />
46-->[:arcore_client:] AndroidManifest.xml:25:13-96
46-->[:arcore_client:] AndroidManifest.xml:25:21-93
47        </intent>
48    </queries>
49
50    <application
50-->src\main\AndroidManifest.xml:3:3-83
51        android:extractNativeLibs="true"
51-->[:unityLibrary] AndroidManifest.xml:32:18-50
52        android:icon="@mipmap/app_icon"
52-->src\main\AndroidManifest.xml:3:49-80
53        android:label="@string/app_name" >
53-->src\main\AndroidManifest.xml:3:16-48
54        <meta-data
54-->[:unityLibrary] AndroidManifest.xml:33:9-35:33
55            android:name="unity.splash-mode"
55-->[:unityLibrary] AndroidManifest.xml:34:13-45
56            android:value="0" />
56-->[:unityLibrary] AndroidManifest.xml:35:13-30
57        <meta-data
57-->[:unityLibrary] AndroidManifest.xml:36:9-38:36
58            android:name="unity.splash-enable"
58-->[:unityLibrary] AndroidManifest.xml:37:13-47
59            android:value="True" />
59-->[:unityLibrary] AndroidManifest.xml:38:13-33
60        <meta-data
60-->[:unityLibrary] AndroidManifest.xml:39:9-41:36
61            android:name="unity.launch-fullscreen"
61-->[:unityLibrary] AndroidManifest.xml:40:13-51
62            android:value="True" />
62-->[:unityLibrary] AndroidManifest.xml:41:13-33
63        <meta-data
63-->[:unityLibrary] AndroidManifest.xml:42:9-44:36
64            android:name="unity.render-outside-safearea"
64-->[:unityLibrary] AndroidManifest.xml:43:13-57
65            android:value="True" />
65-->[:unityLibrary] AndroidManifest.xml:44:13-33
66        <meta-data
66-->[:unityLibrary] AndroidManifest.xml:45:9-47:50
67            android:name="notch.config"
67-->[:unityLibrary] AndroidManifest.xml:46:13-40
68            android:value="portrait|landscape" />
68-->[:unityLibrary] AndroidManifest.xml:47:13-47
69        <meta-data
69-->[:unityLibrary] AndroidManifest.xml:48:9-50:36
70            android:name="unity.auto-report-fully-drawn"
70-->[:unityLibrary] AndroidManifest.xml:49:13-57
71            android:value="true" />
71-->[:unityLibrary] AndroidManifest.xml:50:13-33
72
73        <activity
73-->[:unityLibrary] AndroidManifest.xml:52:9-73:20
74            android:name="com.unity3d.player.UnityPlayerActivity"
74-->[:unityLibrary] AndroidManifest.xml:53:13-66
75            android:configChanges="mcc|mnc|locale|touchscreen|keyboard|keyboardHidden|navigation|orientation|screenLayout|uiMode|screenSize|smallestScreenSize|fontScale|layoutDirection|density"
75-->[:unityLibrary] AndroidManifest.xml:54:13-194
76            android:exported="true"
76-->[:unityLibrary] AndroidManifest.xml:55:13-36
77            android:hardwareAccelerated="false"
77-->[:unityLibrary] AndroidManifest.xml:56:13-48
78            android:launchMode="singleTask"
78-->[:unityLibrary] AndroidManifest.xml:57:13-44
79            android:resizeableActivity="false"
79-->[:unityLibrary] AndroidManifest.xml:58:13-47
80            android:screenOrientation="fullUser"
80-->[:unityLibrary] AndroidManifest.xml:59:13-49
81            android:theme="@style/UnityThemeSelector" >
81-->[:unityLibrary] AndroidManifest.xml:60:13-54
82            <intent-filter>
82-->[:unityLibrary] AndroidManifest.xml:61:13-65:29
83                <category android:name="android.intent.category.LAUNCHER" />
83-->[:unityLibrary] AndroidManifest.xml:62:17-77
83-->[:unityLibrary] AndroidManifest.xml:62:27-74
84
85                <action android:name="android.intent.action.MAIN" />
85-->[:unityLibrary] AndroidManifest.xml:64:17-69
85-->[:unityLibrary] AndroidManifest.xml:64:25-66
86            </intent-filter>
87
88            <meta-data
88-->[:unityLibrary] AndroidManifest.xml:67:13-69:40
89                android:name="unityplayer.UnityActivity"
89-->[:unityLibrary] AndroidManifest.xml:68:17-57
90                android:value="true" />
90-->[:unityLibrary] AndroidManifest.xml:69:17-37
91            <meta-data
91-->[:unityLibrary] AndroidManifest.xml:70:13-72:40
92                android:name="notch_support"
92-->[:unityLibrary] AndroidManifest.xml:71:17-45
93                android:value="true" />
93-->[:unityLibrary] AndroidManifest.xml:72:17-37
94        </activity>
95
96        <meta-data
96-->[:unityLibrary] AndroidManifest.xml:75:9-77:36
97            android:name="unityplayer.SkipPermissionsDialog"
97-->[:unityLibrary] AndroidManifest.xml:76:13-61
98            android:value="true" />
98-->[:unityLibrary] AndroidManifest.xml:77:13-33
99        <meta-data
99-->[:unityLibrary] AndroidManifest.xml:78:9-80:40
100            android:name="com.google.ar.core"
100-->[:unityLibrary] AndroidManifest.xml:79:13-46
101            android:value="required" /> <!-- The minimal version code of ARCore APK required for an app using this SDK. -->
101-->[:unityLibrary] AndroidManifest.xml:80:13-37
102        <meta-data
102-->[:arcore_client:] AndroidManifest.xml:32:9-34:41
103            android:name="com.google.ar.core.min_apk_version"
103-->[:arcore_client:] AndroidManifest.xml:33:13-62
104            android:value="240220000" /> <!-- This activity is critical for installing ARCore when it is not already present. -->
104-->[:arcore_client:] AndroidManifest.xml:34:13-38
105        <activity
105-->[:arcore_client:] AndroidManifest.xml:36:9-42:80
106            android:name="com.google.ar.core.InstallActivity"
106-->[:arcore_client:] AndroidManifest.xml:37:13-62
107            android:configChanges="keyboardHidden|orientation|screenSize"
107-->[:arcore_client:] AndroidManifest.xml:38:13-74
108            android:excludeFromRecents="true"
108-->[:arcore_client:] AndroidManifest.xml:39:13-46
109            android:exported="false"
109-->[:arcore_client:] AndroidManifest.xml:40:13-37
110            android:launchMode="singleTop"
110-->[:arcore_client:] AndroidManifest.xml:41:13-43
111            android:theme="@android:style/Theme.Material.Light.Dialog.Alert" />
111-->[:arcore_client:] AndroidManifest.xml:42:13-77
112    </application>
113
114</manifest>